2022-07-30 13:49:36.412 [main] INFO  org.springframework.boot.test.context.SpringBootTestContextBootstrapper - Neither @ContextConfiguration nor @ContextHierarchy found for test class [com.sika.code.demo.interfaces.business.node.service.TestNodeService], using SpringBootContextLoader
2022-07-30 13:49:36.452 [main] INFO  org.springframework.test.context.support.AbstractContextLoader - Could not detect default resource locations for test class [com.sika.code.demo.interfaces.business.node.service.TestNodeService]: no resource found for suffixes {-context.xml, Context.groovy}.
2022-07-30 13:49:36.796 [main] INFO  org.springframework.boot.test.context.SpringBootTestContextBootstrapper - Loaded default TestExecutionListener class names from location [META-INF/spring.factories]: [org.springframework.boot.test.mock.mockito.MockitoTestExecutionListener, org.springframework.boot.test.mock.mockito.ResetMocksTestExecutionListener, org.springframework.boot.test.autoconfigure.restdocs.RestDocsTestExecutionListener, org.springframework.boot.test.autoconfigure.web.client.MockRestServiceServerResetTestExecutionListener, org.springframework.boot.test.autoconfigure.web.servlet.MockMvcPrintOnlyOnFailureTestExecutionListener, org.springframework.boot.test.autoconfigure.web.servlet.WebDriverTestExecutionListener, org.springframework.boot.test.autoconfigure.webservices.client.MockWebServiceServerTestExecutionListener, org.springframework.test.context.web.ServletTestExecutionListener, org.springframework.test.context.support.DirtiesContextBeforeModesTestExecutionListener, org.springframework.test.context.support.DependencyInjectionTestExecutionListener, org.springframework.test.context.support.DirtiesContextTestExecutionListener, org.springframework.test.context.transaction.TransactionalTestExecutionListener, org.springframework.test.context.jdbc.SqlScriptsTestExecutionListener, org.springframework.test.context.event.EventPublishingTestExecutionListener]
2022-07-30 13:49:36.825 [main] INFO  org.springframework.boot.test.context.SpringBootTestContextBootstrapper - Using TestExecutionListeners: [org.springframework.test.context.web.ServletTestExecutionListener@2c1b194a, org.springframework.test.context.support.DirtiesContextBeforeModesTestExecutionListener@4dbb42b7, org.springframework.boot.test.mock.mockito.MockitoTestExecutionListener@66f57048, org.springframework.boot.test.autoconfigure.SpringBootDependencyInjectionTestExecutionListener@550dbc7a, org.springframework.test.context.support.DirtiesContextTestExecutionListener@21282ed8, org.springframework.test.context.transaction.TransactionalTestExecutionListener@36916eb0, org.springframework.test.context.jdbc.SqlScriptsTestExecutionListener@7bab3f1a, org.springframework.test.context.event.EventPublishingTestExecutionListener@437da279, org.springframework.boot.test.mock.mockito.ResetMocksTestExecutionListener@23c30a20, org.springframework.boot.test.autoconfigure.restdocs.RestDocsTestExecutionListener@1e1a0406, org.springframework.boot.test.autoconfigure.web.client.MockRestServiceServerResetTestExecutionListener@3cebbb30, org.springframework.boot.test.autoconfigure.web.servlet.MockMvcPrintOnlyOnFailureTestExecutionListener@12aba8be, org.springframework.boot.test.autoconfigure.web.servlet.WebDriverTestExecutionListener@290222c1, org.springframework.boot.test.autoconfigure.webservices.client.MockWebServiceServerTestExecutionListener@67f639d3]
2022-07-30 13:49:37.389 [main] INFO  com.sika.code.demo.interfaces.business.node.service.TestNodeService - Starting TestNodeService on daiqi with PID 14316 (started by Admin in E:\project\my\sika-code\sika-code-gitee\sika-code-demo\sika-code-demo-interfaces)
2022-07-30 13:49:37.389 [main] INFO  com.sika.code.demo.interfaces.business.node.service.TestNodeService - The following profiles are active: develop
2022-07-30 13:49:38.453 [main] INFO  org.springframework.data.repository.config.RepositoryConfigurationDelegate - Multiple Spring Data modules found, entering strict repository configuration mode!
2022-07-30 13:49:38.456 [main] INFO  org.springframework.data.repository.config.RepositoryConfigurationDelegate - Bootstrapping Spring Data Redis repositories in DEFAULT mode.
2022-07-30 13:49:38.507 [main] INFO  org.springframework.data.repository.config.RepositoryConfigurationDelegate - Finished Spring Data repository scanning in 33ms. Found 0 Redis repository interfaces.
2022-07-30 13:49:39.364 [main] INFO  org.springframework.context.support.PostProcessorRegistrationDelegate$BeanPostProcessorChecker - Bean 'com.yomahub.liteflow.springboot.config.LiteflowMainAutoConfiguration' of type [com.yomahub.liteflow.springboot.config.LiteflowMainAutoConfiguration$$EnhancerBySpringCGLIB$$31dc319b] is not eligible for getting processed by all BeanPostProcessors (for example: not eligible for auto-proxying)
2022-07-30 13:49:39.376 [main] INFO  org.springframework.context.support.PostProcessorRegistrationDelegate$BeanPostProcessorChecker - Bean 'com.yomahub.liteflow.springboot.config.LiteflowPropertyAutoConfiguration' of type [com.yomahub.liteflow.springboot.config.LiteflowPropertyAutoConfiguration$$EnhancerBySpringCGLIB$$91fd12ff] is not eligible for getting processed by all BeanPostProcessors (for example: not eligible for auto-proxying)
2022-07-30 13:49:39.401 [main] INFO  org.springframework.context.support.PostProcessorRegistrationDelegate$BeanPostProcessorChecker - Bean 'liteflow-com.yomahub.liteflow.springboot.LiteflowProperty' of type [com.yomahub.liteflow.springboot.LiteflowProperty] is not eligible for getting processed by all BeanPostProcessors (for example: not eligible for auto-proxying)
2022-07-30 13:49:39.408 [main] INFO  org.springframework.context.support.PostProcessorRegistrationDelegate$BeanPostProcessorChecker - Bean 'liteflow.monitor-com.yomahub.liteflow.springboot.LiteflowMonitorProperty' of type [com.yomahub.liteflow.springboot.LiteflowMonitorProperty] is not eligible for getting processed by all BeanPostProcessors (for example: not eligible for auto-proxying)
2022-07-30 13:49:39.424 [main] INFO  org.springframework.context.support.PostProcessorRegistrationDelegate$BeanPostProcessorChecker - Bean 'liteflowConfig' of type [com.yomahub.liteflow.property.LiteflowConfig] is not eligible for getting processed by all BeanPostProcessors (for example: not eligible for auto-proxying)
2022-07-30 13:49:41.082 [main] WARN  org.springframework.web.context.support.GenericWebApplicationContext - Exception encountered during context initialization - cancelling refresh attempt: org.springframework.beans.factory.UnsatisfiedDependencyException: Error creating bean with name 'nodeController': Unsatisfied dependency expressed through field 'resultGenerator'; nested exception is org.springframework.beans.factory.NoSuchBeanDefinitionException: No qualifying bean of type 'com.sika.code.core.result.generator.ResultGenerator' available: expected at least 1 bean which qualifies as autowire candidate. Dependency annotations: {@org.springframework.beans.factory.annotation.Autowired(required=true)}
2022-07-30 13:49:41.090 [main] INFO  org.springframework.boot.autoconfigure.logging.ConditionEvaluationReportLoggingListener - 

Error starting ApplicationContext. To display the conditions report re-run your application with 'debug' enabled.
2022-07-30 13:49:41.278 [main] ERROR org.springframework.boot.diagnostics.LoggingFailureAnalysisReporter - 

***************************
APPLICATION FAILED TO START
***************************

Description:

Field resultGenerator in com.sika.code.demo.interfaces.common.controller.BaseLiteflowServerController required a bean of type 'com.sika.code.core.result.generator.ResultGenerator' that could not be found.

The injection point has the following annotations:
	- @org.springframework.beans.factory.annotation.Autowired(required=true)


Action:

Consider defining a bean of type 'com.sika.code.core.result.generator.ResultGenerator' in your configuration.

2022-07-30 13:49:41.288 [main] ERROR org.springframework.test.context.TestContextManager - Caught exception while allowing TestExecutionListener [org.springframework.test.context.web.ServletTestExecutionListener@2c1b194a] to prepare test instance [BaseTest(log=Logger[com.sika.code.demo.interfaces.business.node.service.TestNodeService], stopWatch=StopWatch 'TestNodeService-单元测试': running time = 0 ns, testName=org.junit.rules.TestName@5d5a51b1)]
java.lang.IllegalStateException: Failed to load ApplicationContext
	at org.springframework.test.context.cache.DefaultCacheAwareContextLoaderDelegate.loadContext(DefaultCacheAwareContextLoaderDelegate.java:132)
	at org.springframework.test.context.support.DefaultTestContext.getApplicationContext(DefaultTestContext.java:123)
	at org.springframework.test.context.web.ServletTestExecutionListener.setUpRequestContextIfNecessary(ServletTestExecutionListener.java:190)
	at org.springframework.test.context.web.ServletTestExecutionListener.prepareTestInstance(ServletTestExecutionListener.java:132)
	at org.springframework.test.context.TestContextManager.prepareTestInstance(TestContextManager.java:244)
	at org.springframework.test.context.junit4.SpringJUnit4ClassRunner.createTest(SpringJUnit4ClassRunner.java:227)
	at org.springframework.test.context.junit4.SpringJUnit4ClassRunner$1.runReflectiveCall(SpringJUnit4ClassRunner.java:289)
	at org.junit.internal.runners.model.ReflectiveCallable.run(ReflectiveCallable.java:12)
	at org.springframework.test.context.junit4.SpringJUnit4ClassRunner.methodBlock(SpringJUnit4ClassRunner.java:291)
	at org.springframework.test.context.junit4.SpringJUnit4ClassRunner.runChild(SpringJUnit4ClassRunner.java:246)
	at org.springframework.test.context.junit4.SpringJUnit4ClassRunner.runChild(SpringJUnit4ClassRunner.java:97)
	at org.junit.runners.ParentRunner$4.run(ParentRunner.java:331)
	at org.junit.runners.ParentRunner$1.schedule(ParentRunner.java:79)
	at org.junit.runners.ParentRunner.runChildren(ParentRunner.java:329)
	at org.junit.runners.ParentRunner.access$100(ParentRunner.java:66)
	at org.junit.runners.ParentRunner$2.evaluate(ParentRunner.java:293)
	at org.springframework.test.context.junit4.statements.RunBeforeTestClassCallbacks.evaluate(RunBeforeTestClassCallbacks.java:61)
	at org.springframework.test.context.junit4.statements.RunAfterTestClassCallbacks.evaluate(RunAfterTestClassCallbacks.java:70)
	at org.junit.runners.ParentRunner$3.evaluate(ParentRunner.java:306)
	at org.junit.runners.ParentRunner.run(ParentRunner.java:413)
	at org.springframework.test.context.junit4.SpringJUnit4ClassRunner.run(SpringJUnit4ClassRunner.java:190)
	at org.junit.runner.JUnitCore.run(JUnitCore.java:137)
	at com.intellij.junit4.JUnit4IdeaTestRunner.startRunnerWithArgs(JUnit4IdeaTestRunner.java:69)
	at com.intellij.rt.junit.IdeaTestRunner$Repeater.startRunnerWithArgs(IdeaTestRunner.java:33)
	at com.intellij.rt.junit.JUnitStarter.prepareStreamsAndStart(JUnitStarter.java:220)
	at com.intellij.rt.junit.JUnitStarter.main(JUnitStarter.java:53)
Caused by: org.springframework.beans.factory.UnsatisfiedDependencyException: Error creating bean with name 'nodeController': Unsatisfied dependency expressed through field 'resultGenerator'; nested exception is org.springframework.beans.factory.NoSuchBeanDefinitionException: No qualifying bean of type 'com.sika.code.core.result.generator.ResultGenerator' available: expected at least 1 bean which qualifies as autowire candidate. Dependency annotations: {@org.springframework.beans.factory.annotation.Autowired(required=true)}
	at org.springframework.beans.factory.annotation.AutowiredAnnotationBeanPostProcessor$AutowiredFieldElement.resolveFieldValue(AutowiredAnnotationBeanPostProcessor.java:660)
	at org.springframework.beans.factory.annotation.AutowiredAnnotationBeanPostProcessor$AutowiredFieldElement.inject(AutowiredAnnotationBeanPostProcessor.java:640)
	at org.springframework.beans.factory.annotation.InjectionMetadata.inject(InjectionMetadata.java:119)
	at org.springframework.beans.factory.annotation.AutowiredAnnotationBeanPostProcessor.postProcessProperties(AutowiredAnnotationBeanPostProcessor.java:399)
	at org.springframework.beans.factory.support.AbstractAutowireCapableBeanFactory.populateBean(AbstractAutowireCapableBeanFactory.java:1425)
	at org.springframework.beans.factory.support.AbstractAutowireCapableBeanFactory.doCreateBean(AbstractAutowireCapableBeanFactory.java:593)
	at org.springframework.beans.factory.support.AbstractAutowireCapableBeanFactory.createBean(AbstractAutowireCapableBeanFactory.java:516)
	at org.springframework.beans.factory.support.AbstractBeanFactory.lambda$doGetBean$0(AbstractBeanFactory.java:324)
	at org.springframework.beans.factory.support.DefaultSingletonBeanRegistry.getSingleton(DefaultSingletonBeanRegistry.java:234)
	at org.springframework.beans.factory.support.AbstractBeanFactory.doGetBean(AbstractBeanFactory.java:322)
	at org.springframework.beans.factory.support.AbstractBeanFactory.getBean(AbstractBeanFactory.java:202)
	at org.springframework.beans.factory.support.DefaultListableBeanFactory.preInstantiateSingletons(DefaultListableBeanFactory.java:897)
	at org.springframework.context.support.AbstractApplicationContext.finishBeanFactoryInitialization(AbstractApplicationContext.java:879)
	at org.springframework.context.support.AbstractApplicationContext.refresh(AbstractApplicationContext.java:551)
	at org.springframework.boot.SpringApplication.refresh(SpringApplication.java:758)
	at org.springframework.boot.SpringApplication.refresh(SpringApplication.java:750)
	at org.springframework.boot.SpringApplication.refreshContext(SpringApplication.java:405)
	at org.springframework.boot.SpringApplication.run(SpringApplication.java:315)
	at org.springframework.boot.test.context.SpringBootContextLoader.loadContext(SpringBootContextLoader.java:120)
	at org.springframework.test.context.cache.DefaultCacheAwareContextLoaderDelegate.loadContextInternal(DefaultCacheAwareContextLoaderDelegate.java:99)
	at org.springframework.test.context.cache.DefaultCacheAwareContextLoaderDelegate.loadContext(DefaultCacheAwareContextLoaderDelegate.java:124)
	... 25 common frames omitted
Caused by: org.springframework.beans.factory.NoSuchBeanDefinitionException: No qualifying bean of type 'com.sika.code.core.result.generator.ResultGenerator' available: expected at least 1 bean which qualifies as autowire candidate. Dependency annotations: {@org.springframework.beans.factory.annotation.Autowired(required=true)}
	at org.springframework.beans.factory.support.DefaultListableBeanFactory.raiseNoMatchingBeanFound(DefaultListableBeanFactory.java:1717)
	at org.springframework.beans.factory.support.DefaultListableBeanFactory.doResolveDependency(DefaultListableBeanFactory.java:1273)
	at org.springframework.beans.factory.support.DefaultListableBeanFactory.resolveDependency(DefaultListableBeanFactory.java:1227)
	at org.springframework.beans.factory.annotation.AutowiredAnnotationBeanPostProcessor$AutowiredFieldElement.resolveFieldValue(AutowiredAnnotationBeanPostProcessor.java:657)
	... 45 common frames omitted
2022-07-30 13:50:45.035 [main] INFO  org.springframework.boot.test.context.SpringBootTestContextBootstrapper - Neither @ContextConfiguration nor @ContextHierarchy found for test class [com.sika.code.demo.interfaces.business.node.service.TestNodeService], using SpringBootContextLoader
2022-07-30 13:50:45.062 [main] INFO  org.springframework.test.context.support.AbstractContextLoader - Could not detect default resource locations for test class [com.sika.code.demo.interfaces.business.node.service.TestNodeService]: no resource found for suffixes {-context.xml, Context.groovy}.
2022-07-30 13:50:45.364 [main] INFO  org.springframework.boot.test.context.SpringBootTestContextBootstrapper - Loaded default TestExecutionListener class names from location [META-INF/spring.factories]: [org.springframework.boot.test.mock.mockito.MockitoTestExecutionListener, org.springframework.boot.test.mock.mockito.ResetMocksTestExecutionListener, org.springframework.boot.test.autoconfigure.restdocs.RestDocsTestExecutionListener, org.springframework.boot.test.autoconfigure.web.client.MockRestServiceServerResetTestExecutionListener, org.springframework.boot.test.autoconfigure.web.servlet.MockMvcPrintOnlyOnFailureTestExecutionListener, org.springframework.boot.test.autoconfigure.web.servlet.WebDriverTestExecutionListener, org.springframework.boot.test.autoconfigure.webservices.client.MockWebServiceServerTestExecutionListener, org.springframework.test.context.web.ServletTestExecutionListener, org.springframework.test.context.support.DirtiesContextBeforeModesTestExecutionListener, org.springframework.test.context.support.DependencyInjectionTestExecutionListener, org.springframework.test.context.support.DirtiesContextTestExecutionListener, org.springframework.test.context.transaction.TransactionalTestExecutionListener, org.springframework.test.context.jdbc.SqlScriptsTestExecutionListener, org.springframework.test.context.event.EventPublishingTestExecutionListener]
2022-07-30 13:50:45.394 [main] INFO  org.springframework.boot.test.context.SpringBootTestContextBootstrapper - Using TestExecutionListeners: [org.springframework.test.context.web.ServletTestExecutionListener@2c1b194a, org.springframework.test.context.support.DirtiesContextBeforeModesTestExecutionListener@4dbb42b7, org.springframework.boot.test.mock.mockito.MockitoTestExecutionListener@66f57048, org.springframework.boot.test.autoconfigure.SpringBootDependencyInjectionTestExecutionListener@550dbc7a, org.springframework.test.context.support.DirtiesContextTestExecutionListener@21282ed8, org.springframework.test.context.transaction.TransactionalTestExecutionListener@36916eb0, org.springframework.test.context.jdbc.SqlScriptsTestExecutionListener@7bab3f1a, org.springframework.test.context.event.EventPublishingTestExecutionListener@437da279, org.springframework.boot.test.mock.mockito.ResetMocksTestExecutionListener@23c30a20, org.springframework.boot.test.autoconfigure.restdocs.RestDocsTestExecutionListener@1e1a0406, org.springframework.boot.test.autoconfigure.web.client.MockRestServiceServerResetTestExecutionListener@3cebbb30, org.springframework.boot.test.autoconfigure.web.servlet.MockMvcPrintOnlyOnFailureTestExecutionListener@12aba8be, org.springframework.boot.test.autoconfigure.web.servlet.WebDriverTestExecutionListener@290222c1, org.springframework.boot.test.autoconfigure.webservices.client.MockWebServiceServerTestExecutionListener@67f639d3]
2022-07-30 13:50:46.006 [main] INFO  com.sika.code.demo.interfaces.business.node.service.TestNodeService - Starting TestNodeService on daiqi with PID 13228 (started by Admin in E:\project\my\sika-code\sika-code-gitee\sika-code-demo\sika-code-demo-interfaces)
2022-07-30 13:50:46.006 [main] INFO  com.sika.code.demo.interfaces.business.node.service.TestNodeService - The following profiles are active: develop
2022-07-30 13:50:47.497 [main] INFO  org.springframework.data.repository.config.RepositoryConfigurationDelegate - Multiple Spring Data modules found, entering strict repository configuration mode!
2022-07-30 13:50:47.500 [main] INFO  org.springframework.data.repository.config.RepositoryConfigurationDelegate - Bootstrapping Spring Data Redis repositories in DEFAULT mode.
2022-07-30 13:50:47.549 [main] INFO  org.springframework.data.repository.config.RepositoryConfigurationDelegate - Finished Spring Data repository scanning in 31ms. Found 0 Redis repository interfaces.
2022-07-30 13:50:48.473 [main] INFO  org.springframework.context.support.PostProcessorRegistrationDelegate$BeanPostProcessorChecker - Bean 'com.yomahub.liteflow.springboot.config.LiteflowMainAutoConfiguration' of type [com.yomahub.liteflow.springboot.config.LiteflowMainAutoConfiguration$$EnhancerBySpringCGLIB$$2f72edb1] is not eligible for getting processed by all BeanPostProcessors (for example: not eligible for auto-proxying)
2022-07-30 13:50:48.484 [main] INFO  org.springframework.context.support.PostProcessorRegistrationDelegate$BeanPostProcessorChecker - Bean 'com.yomahub.liteflow.springboot.config.LiteflowPropertyAutoConfiguration' of type [com.yomahub.liteflow.springboot.config.LiteflowPropertyAutoConfiguration$$EnhancerBySpringCGLIB$$8f93cf15] is not eligible for getting processed by all BeanPostProcessors (for example: not eligible for auto-proxying)
2022-07-30 13:50:48.506 [main] INFO  org.springframework.context.support.PostProcessorRegistrationDelegate$BeanPostProcessorChecker - Bean 'liteflow-com.yomahub.liteflow.springboot.LiteflowProperty' of type [com.yomahub.liteflow.springboot.LiteflowProperty] is not eligible for getting processed by all BeanPostProcessors (for example: not eligible for auto-proxying)
2022-07-30 13:50:48.513 [main] INFO  org.springframework.context.support.PostProcessorRegistrationDelegate$BeanPostProcessorChecker - Bean 'liteflow.monitor-com.yomahub.liteflow.springboot.LiteflowMonitorProperty' of type [com.yomahub.liteflow.springboot.LiteflowMonitorProperty] is not eligible for getting processed by all BeanPostProcessors (for example: not eligible for auto-proxying)
2022-07-30 13:50:48.529 [main] INFO  org.springframework.context.support.PostProcessorRegistrationDelegate$BeanPostProcessorChecker - Bean 'liteflowConfig' of type [com.yomahub.liteflow.property.LiteflowConfig] is not eligible for getting processed by all BeanPostProcessors (for example: not eligible for auto-proxying)
2022-07-30 13:50:51.810 [main] INFO  org.springframework.scheduling.concurrent.ThreadPoolTaskExecutor - Initializing ExecutorService 'applicationTaskExecutor'
2022-07-30 13:50:52.391 [main] WARN  org.springframework.web.context.support.GenericWebApplicationContext - Exception encountered during context initialization - cancelling refresh attempt: org.springframework.beans.factory.UnsatisfiedDependencyException: Error creating bean with name 'cn.dev33.satoken.spring.SaBeanInject': Unsatisfied dependency expressed through method 'setSaTokenDao' parameter 0; nested exception is org.springframework.beans.factory.NoUniqueBeanDefinitionException: No qualifying bean of type 'cn.dev33.satoken.dao.SaTokenDao' available: expected single matching bean but found 2: saTokenDaoRedis,cn.dev33.satoken.dao.SaTokenDaoRedis
2022-07-30 13:50:52.392 [main] INFO  org.springframework.scheduling.concurrent.ThreadPoolTaskExecutor - Shutting down ExecutorService 'applicationTaskExecutor'
2022-07-30 13:50:52.435 [main] INFO  org.springframework.boot.autoconfigure.logging.ConditionEvaluationReportLoggingListener - 

Error starting ApplicationContext. To display the conditions report re-run your application with 'debug' enabled.
2022-07-30 13:50:52.438 [main] ERROR org.springframework.boot.diagnostics.LoggingFailureAnalysisReporter - 

***************************
APPLICATION FAILED TO START
***************************

Description:

Parameter 0 of method setSaTokenDao in cn.dev33.satoken.spring.SaBeanInject required a single bean, but 2 were found:
	- saTokenDaoRedis: defined in file [E:\project\my\sika-code\sika-code-gitee\sika-code-demo\sika-code-demo-interfaces\target\classes\com\sika\code\demo\interfaces\common\dao\SaTokenDaoRedis.class]
	- cn.dev33.satoken.dao.SaTokenDaoRedis: defined in null


Action:

Consider marking one of the beans as @Primary, updating the consumer to accept multiple beans, or using @Qualifier to identify the bean that should be consumed

2022-07-30 13:50:52.445 [main] ERROR org.springframework.test.context.TestContextManager - Caught exception while allowing TestExecutionListener [org.springframework.test.context.web.ServletTestExecutionListener@2c1b194a] to prepare test instance [BaseTest(log=Logger[com.sika.code.demo.interfaces.business.node.service.TestNodeService], stopWatch=StopWatch 'TestNodeService-单元测试': running time = 0 ns, testName=org.junit.rules.TestName@773eca84)]
java.lang.IllegalStateException: Failed to load ApplicationContext
	at org.springframework.test.context.cache.DefaultCacheAwareContextLoaderDelegate.loadContext(DefaultCacheAwareContextLoaderDelegate.java:132)
	at org.springframework.test.context.support.DefaultTestContext.getApplicationContext(DefaultTestContext.java:123)
	at org.springframework.test.context.web.ServletTestExecutionListener.setUpRequestContextIfNecessary(ServletTestExecutionListener.java:190)
	at org.springframework.test.context.web.ServletTestExecutionListener.prepareTestInstance(ServletTestExecutionListener.java:132)
	at org.springframework.test.context.TestContextManager.prepareTestInstance(TestContextManager.java:244)
	at org.springframework.test.context.junit4.SpringJUnit4ClassRunner.createTest(SpringJUnit4ClassRunner.java:227)
	at org.springframework.test.context.junit4.SpringJUnit4ClassRunner$1.runReflectiveCall(SpringJUnit4ClassRunner.java:289)
	at org.junit.internal.runners.model.ReflectiveCallable.run(ReflectiveCallable.java:12)
	at org.springframework.test.context.junit4.SpringJUnit4ClassRunner.methodBlock(SpringJUnit4ClassRunner.java:291)
	at org.springframework.test.context.junit4.SpringJUnit4ClassRunner.runChild(SpringJUnit4ClassRunner.java:246)
	at org.springframework.test.context.junit4.SpringJUnit4ClassRunner.runChild(SpringJUnit4ClassRunner.java:97)
	at org.junit.runners.ParentRunner$4.run(ParentRunner.java:331)
	at org.junit.runners.ParentRunner$1.schedule(ParentRunner.java:79)
	at org.junit.runners.ParentRunner.runChildren(ParentRunner.java:329)
	at org.junit.runners.ParentRunner.access$100(ParentRunner.java:66)
	at org.junit.runners.ParentRunner$2.evaluate(ParentRunner.java:293)
	at org.springframework.test.context.junit4.statements.RunBeforeTestClassCallbacks.evaluate(RunBeforeTestClassCallbacks.java:61)
	at org.springframework.test.context.junit4.statements.RunAfterTestClassCallbacks.evaluate(RunAfterTestClassCallbacks.java:70)
	at org.junit.runners.ParentRunner$3.evaluate(ParentRunner.java:306)
	at org.junit.runners.ParentRunner.run(ParentRunner.java:413)
	at org.springframework.test.context.junit4.SpringJUnit4ClassRunner.run(SpringJUnit4ClassRunner.java:190)
	at org.junit.runner.JUnitCore.run(JUnitCore.java:137)
	at com.intellij.junit4.JUnit4IdeaTestRunner.startRunnerWithArgs(JUnit4IdeaTestRunner.java:69)
	at com.intellij.rt.junit.IdeaTestRunner$Repeater.startRunnerWithArgs(IdeaTestRunner.java:33)
	at com.intellij.rt.junit.JUnitStarter.prepareStreamsAndStart(JUnitStarter.java:220)
	at com.intellij.rt.junit.JUnitStarter.main(JUnitStarter.java:53)
Caused by: org.springframework.beans.factory.UnsatisfiedDependencyException: Error creating bean with name 'cn.dev33.satoken.spring.SaBeanInject': Unsatisfied dependency expressed through method 'setSaTokenDao' parameter 0; nested exception is org.springframework.beans.factory.NoUniqueBeanDefinitionException: No qualifying bean of type 'cn.dev33.satoken.dao.SaTokenDao' available: expected single matching bean but found 2: saTokenDaoRedis,cn.dev33.satoken.dao.SaTokenDaoRedis
	at org.springframework.beans.factory.annotation.AutowiredAnnotationBeanPostProcessor$AutowiredMethodElement.resolveMethodArguments(AutowiredAnnotationBeanPostProcessor.java:768)
	at org.springframework.beans.factory.annotation.AutowiredAnnotationBeanPostProcessor$AutowiredMethodElement.inject(AutowiredAnnotationBeanPostProcessor.java:720)
	at org.springframework.beans.factory.annotation.InjectionMetadata.inject(InjectionMetadata.java:119)
	at org.springframework.beans.factory.annotation.AutowiredAnnotationBeanPostProcessor.postProcessProperties(AutowiredAnnotationBeanPostProcessor.java:399)
	at org.springframework.beans.factory.support.AbstractAutowireCapableBeanFactory.populateBean(AbstractAutowireCapableBeanFactory.java:1425)
	at org.springframework.beans.factory.support.AbstractAutowireCapableBeanFactory.doCreateBean(AbstractAutowireCapableBeanFactory.java:593)
	at org.springframework.beans.factory.support.AbstractAutowireCapableBeanFactory.createBean(AbstractAutowireCapableBeanFactory.java:516)
	at org.springframework.beans.factory.support.AbstractBeanFactory.lambda$doGetBean$0(AbstractBeanFactory.java:324)
	at org.springframework.beans.factory.support.DefaultSingletonBeanRegistry.getSingleton(DefaultSingletonBeanRegistry.java:234)
	at org.springframework.beans.factory.support.AbstractBeanFactory.doGetBean(AbstractBeanFactory.java:322)
	at org.springframework.beans.factory.support.AbstractBeanFactory.getBean(AbstractBeanFactory.java:202)
	at org.springframework.beans.factory.support.DefaultListableBeanFactory.preInstantiateSingletons(DefaultListableBeanFactory.java:897)
	at org.springframework.context.support.AbstractApplicationContext.finishBeanFactoryInitialization(AbstractApplicationContext.java:879)
	at org.springframework.context.support.AbstractApplicationContext.refresh(AbstractApplicationContext.java:551)
	at org.springframework.boot.SpringApplication.refresh(SpringApplication.java:758)
	at org.springframework.boot.SpringApplication.refresh(SpringApplication.java:750)
	at org.springframework.boot.SpringApplication.refreshContext(SpringApplication.java:405)
	at org.springframework.boot.SpringApplication.run(SpringApplication.java:315)
	at org.springframework.boot.test.context.SpringBootContextLoader.loadContext(SpringBootContextLoader.java:120)
	at org.springframework.test.context.cache.DefaultCacheAwareContextLoaderDelegate.loadContextInternal(DefaultCacheAwareContextLoaderDelegate.java:99)
	at org.springframework.test.context.cache.DefaultCacheAwareContextLoaderDelegate.loadContext(DefaultCacheAwareContextLoaderDelegate.java:124)
	... 25 common frames omitted
Caused by: org.springframework.beans.factory.NoUniqueBeanDefinitionException: No qualifying bean of type 'cn.dev33.satoken.dao.SaTokenDao' available: expected single matching bean but found 2: saTokenDaoRedis,cn.dev33.satoken.dao.SaTokenDaoRedis
	at org.springframework.beans.factory.config.DependencyDescriptor.resolveNotUnique(DependencyDescriptor.java:220)
	at org.springframework.beans.factory.support.DefaultListableBeanFactory.doResolveDependency(DefaultListableBeanFactory.java:1285)
	at org.springframework.beans.factory.support.DefaultListableBeanFactory.resolveDependency(DefaultListableBeanFactory.java:1227)
	at org.springframework.beans.factory.annotation.AutowiredAnnotationBeanPostProcessor$AutowiredMethodElement.resolveMethodArguments(AutowiredAnnotationBeanPostProcessor.java:760)
	... 45 common frames omitted
2022-07-30 13:52:05.073 [main] INFO  org.springframework.boot.test.context.SpringBootTestContextBootstrapper - Neither @ContextConfiguration nor @ContextHierarchy found for test class [com.sika.code.demo.interfaces.business.node.service.TestNodeService], using SpringBootContextLoader
2022-07-30 13:52:05.098 [main] INFO  org.springframework.test.context.support.AbstractContextLoader - Could not detect default resource locations for test class [com.sika.code.demo.interfaces.business.node.service.TestNodeService]: no resource found for suffixes {-context.xml, Context.groovy}.
2022-07-30 13:52:05.390 [main] INFO  org.springframework.boot.test.context.SpringBootTestContextBootstrapper - Loaded default TestExecutionListener class names from location [META-INF/spring.factories]: [org.springframework.boot.test.mock.mockito.MockitoTestExecutionListener, org.springframework.boot.test.mock.mockito.ResetMocksTestExecutionListener, org.springframework.boot.test.autoconfigure.restdocs.RestDocsTestExecutionListener, org.springframework.boot.test.autoconfigure.web.client.MockRestServiceServerResetTestExecutionListener, org.springframework.boot.test.autoconfigure.web.servlet.MockMvcPrintOnlyOnFailureTestExecutionListener, org.springframework.boot.test.autoconfigure.web.servlet.WebDriverTestExecutionListener, org.springframework.boot.test.autoconfigure.webservices.client.MockWebServiceServerTestExecutionListener, org.springframework.test.context.web.ServletTestExecutionListener, org.springframework.test.context.support.DirtiesContextBeforeModesTestExecutionListener, org.springframework.test.context.support.DependencyInjectionTestExecutionListener, org.springframework.test.context.support.DirtiesContextTestExecutionListener, org.springframework.test.context.transaction.TransactionalTestExecutionListener, org.springframework.test.context.jdbc.SqlScriptsTestExecutionListener, org.springframework.test.context.event.EventPublishingTestExecutionListener]
2022-07-30 13:52:05.417 [main] INFO  org.springframework.boot.test.context.SpringBootTestContextBootstrapper - Using TestExecutionListeners: [org.springframework.test.context.web.ServletTestExecutionListener@4b2a01d4, org.springframework.test.context.support.DirtiesContextBeforeModesTestExecutionListener@8692d67, org.springframework.boot.test.mock.mockito.MockitoTestExecutionListener@78f5c518, org.springframework.boot.test.autoconfigure.SpringBootDependencyInjectionTestExecutionListener@2f48b3d2, org.springframework.test.context.support.DirtiesContextTestExecutionListener@34f7234e, org.springframework.test.context.transaction.TransactionalTestExecutionListener@753432a2, org.springframework.test.context.jdbc.SqlScriptsTestExecutionListener@23bff419, org.springframework.test.context.event.EventPublishingTestExecutionListener@4983159f, org.springframework.boot.test.mock.mockito.ResetMocksTestExecutionListener@44e3a2b2, org.springframework.boot.test.autoconfigure.restdocs.RestDocsTestExecutionListener@101639ae, org.springframework.boot.test.autoconfigure.web.client.MockRestServiceServerResetTestExecutionListener@4c550889, org.springframework.boot.test.autoconfigure.web.servlet.MockMvcPrintOnlyOnFailureTestExecutionListener@1d2bd371, org.springframework.boot.test.autoconfigure.web.servlet.WebDriverTestExecutionListener@44040454, org.springframework.boot.test.autoconfigure.webservices.client.MockWebServiceServerTestExecutionListener@65fe9e33]
2022-07-30 13:52:06.057 [main] INFO  com.sika.code.demo.interfaces.business.node.service.TestNodeService - Starting TestNodeService on daiqi with PID 13164 (started by Admin in E:\project\my\sika-code\sika-code-gitee\sika-code-demo\sika-code-demo-interfaces)
2022-07-30 13:52:06.058 [main] INFO  com.sika.code.demo.interfaces.business.node.service.TestNodeService - The following profiles are active: develop
2022-07-30 13:52:07.391 [main] INFO  org.springframework.data.repository.config.RepositoryConfigurationDelegate - Multiple Spring Data modules found, entering strict repository configuration mode!
2022-07-30 13:52:07.395 [main] INFO  org.springframework.data.repository.config.RepositoryConfigurationDelegate - Bootstrapping Spring Data Redis repositories in DEFAULT mode.
2022-07-30 13:52:07.451 [main] INFO  org.springframework.data.repository.config.RepositoryConfigurationDelegate - Finished Spring Data repository scanning in 36ms. Found 0 Redis repository interfaces.
2022-07-30 13:52:08.389 [main] INFO  org.springframework.context.support.PostProcessorRegistrationDelegate$BeanPostProcessorChecker - Bean 'com.yomahub.liteflow.springboot.config.LiteflowMainAutoConfiguration' of type [com.yomahub.liteflow.springboot.config.LiteflowMainAutoConfiguration$$EnhancerBySpringCGLIB$$f641192b] is not eligible for getting processed by all BeanPostProcessors (for example: not eligible for auto-proxying)
2022-07-30 13:52:08.400 [main] INFO  org.springframework.context.support.PostProcessorRegistrationDelegate$BeanPostProcessorChecker - Bean 'com.yomahub.liteflow.springboot.config.LiteflowPropertyAutoConfiguration' of type [com.yomahub.liteflow.springboot.config.LiteflowPropertyAutoConfiguration$$EnhancerBySpringCGLIB$$5661fa8f] is not eligible for getting processed by all BeanPostProcessors (for example: not eligible for auto-proxying)
2022-07-30 13:52:08.461 [main] INFO  org.springframework.context.support.PostProcessorRegistrationDelegate$BeanPostProcessorChecker - Bean 'liteflow-com.yomahub.liteflow.springboot.LiteflowProperty' of type [com.yomahub.liteflow.springboot.LiteflowProperty] is not eligible for getting processed by all BeanPostProcessors (for example: not eligible for auto-proxying)
2022-07-30 13:52:08.468 [main] INFO  org.springframework.context.support.PostProcessorRegistrationDelegate$BeanPostProcessorChecker - Bean 'liteflow.monitor-com.yomahub.liteflow.springboot.LiteflowMonitorProperty' of type [com.yomahub.liteflow.springboot.LiteflowMonitorProperty] is not eligible for getting processed by all BeanPostProcessors (for example: not eligible for auto-proxying)
2022-07-30 13:52:08.485 [main] INFO  org.springframework.context.support.PostProcessorRegistrationDelegate$BeanPostProcessorChecker - Bean 'liteflowConfig' of type [com.yomahub.liteflow.property.LiteflowConfig] is not eligible for getting processed by all BeanPostProcessors (for example: not eligible for auto-proxying)
2022-07-30 13:52:12.165 [main] INFO  org.springframework.scheduling.concurrent.ThreadPoolTaskExecutor - Initializing ExecutorService 'applicationTaskExecutor'
2022-07-30 13:52:13.033 [main] INFO  com.zaxxer.hikari.HikariDataSource - DatebookHikariCP - Starting...
2022-07-30 13:52:15.848 [main] INFO  com.zaxxer.hikari.HikariDataSource - DatebookHikariCP - Start completed.
2022-07-30 13:52:15.899 [main] INFO  org.springframework.batch.core.repository.support.JobRepositoryFactoryBean - No database type set, using meta data indicating: MYSQL
2022-07-30 13:52:15.926 [main] INFO  org.springframework.batch.core.launch.support.SimpleJobLauncher - No TaskExecutor has been set, defaulting to synchronous executor.
2022-07-30 13:52:16.420 [main] WARN  org.springframework.boot.autoconfigure.freemarker.FreeMarkerAutoConfiguration - Cannot find template location(s): [classpath:/templates/] (please add some templates, check your FreeMarker configuration, or set spring.freemarker.checkTemplateLocation=false)
2022-07-30 13:52:16.573 [main] INFO  com.sika.code.demo.interfaces.business.node.service.TestNodeService - Started TestNodeService in 11.072 seconds (JVM running for 13.617)
2022-07-30 13:52:16.626 [main] INFO  org.springframework.test.context.transaction.TransactionContext - Began transaction (1) for test context [DefaultTestContext@64eb14da testClass = TestNodeService, testInstance = BaseTest(log=Logger[com.sika.code.demo.interfaces.business.node.service.TestNodeService], stopWatch=StopWatch 'TestNodeService-单元测试': running time = 0 ns, testName=org.junit.rules.TestName@174f0d06), testMethod = testFindByPrimaryKey@TestNodeService, testException = [null], mergedContextConfiguration = [WebMergedContextConfiguration@1e75af65 testClass = TestNodeService, locations = '{}', classes = '{class com.sika.code.demo.interfaces.SikaCodeDemoApplication}', contextInitializerClasses = '[]', activeProfiles = '{}', propertySourceLocations = '{}', propertySourceProperties = '{org.springframework.boot.test.context.SpringBootTestContextBootstrapper=true}', contextCustomizers = set[org.springframework.boot.test.context.filter.ExcludeFilterContextCustomizer@10289886, org.springframework.boot.test.json.DuplicateJsonObjectContextCustomizerFactory$DuplicateJsonObjectContextCustomizer@4ee203eb, org.springframework.boot.test.mock.mockito.MockitoContextCustomizer@0, org.springframework.boot.test.web.client.TestRestTemplateContextCustomizer@4b86805d, org.springframework.boot.test.autoconfigure.properties.PropertyMappingContextCustomizer@0, org.springframework.boot.test.autoconfigure.web.servlet.WebDriverContextCustomizerFactory$Customizer@72d6b3ba, org.springframework.boot.test.context.SpringBootTestArgs@1, org.springframework.boot.test.context.SpringBootTestWebEnvironment@909217e], resourceBasePath = 'src/main/webapp', contextLoader = 'org.springframework.boot.test.context.SpringBootContextLoader', parent = [null]], attributes = map['org.springframework.test.context.web.ServletTestExecutionListener.activateListener' -> true, 'org.springframework.test.context.web.ServletTestExecutionListener.populatedRequestContextHolder' -> true, 'org.springframework.test.context.web.ServletTestExecutionListener.resetRequestContextHolder' -> true]]; transaction manager [org.springframework.batch.support.transaction.ResourcelessTransactionManager@2a2b3aff]; rollback [true]
2022-07-30 13:52:17.053 [main] INFO  com.sika.code.demo.interfaces.business.node.service.TestNodeService - 方法[testFindByPrimaryKey]开始执行单元测试
2022-07-30 13:52:17.188 [main] INFO  策略分库分表拦截器【ShardingInterceptor】 - 进入分库分表拦截器：====================
2022-07-30 13:52:17.195 [main] INFO  com.sika.code.db.sharding.executor.ShardingExecutor - 分表前的SQL：SELECT id,create_by,update_by,node_no,node_name,node_clazz,node_type,node_script,tenant_id,application_id,create_date,update_date,version,available,is_deleted,remark FROM lf_node WHERE id=? 
2022-07-30 13:52:17.211 [main] INFO  org.springframework.test.context.transaction.TransactionContext - Rolled back transaction for test: [DefaultTestContext@64eb14da testClass = TestNodeService, testInstance = BaseTest(log=Logger[com.sika.code.demo.interfaces.business.node.service.TestNodeService], stopWatch=StopWatch 'TestNodeService-单元测试': running time = 152138500 ns; [] took 152138500 ns = 100%, testName=org.junit.rules.TestName@174f0d06), testMethod = testFindByPrimaryKey@TestNodeService, testException = org.junit.internal.runners.model.MultipleFailureException: There were 2 errors:
  org.mybatis.spring.MyBatisSystemException(nested exception is org.apache.ibatis.exceptions.PersistenceException: 
### Error querying database.  Cause: java.lang.NullPointerException
### The error may exist in com/sika/code/demo/infrastructure/db/business/node/mapper/NodeMapper.java (best guess)
### The error may involve com.sika.code.demo.infrastructure.db.business.node.mapper.NodeMapper.selectById
### The error occurred while executing a query
### Cause: java.lang.NullPointerException)
  java.lang.NoSuchMethodError(cn.hutool.core.date.StopWatch.prettyPrint(Ljava/util/concurrent/TimeUnit;)Ljava/lang/String;), mergedContextConfiguration = [WebMergedContextConfiguration@1e75af65 testClass = TestNodeService, locations = '{}', classes = '{class com.sika.code.demo.interfaces.SikaCodeDemoApplication}', contextInitializerClasses = '[]', activeProfiles = '{}', propertySourceLocations = '{}', propertySourceProperties = '{org.springframework.boot.test.context.SpringBootTestContextBootstrapper=true}', contextCustomizers = set[org.springframework.boot.test.context.filter.ExcludeFilterContextCustomizer@10289886, org.springframework.boot.test.json.DuplicateJsonObjectContextCustomizerFactory$DuplicateJsonObjectContextCustomizer@4ee203eb, org.springframework.boot.test.mock.mockito.MockitoContextCustomizer@0, org.springframework.boot.test.web.client.TestRestTemplateContextCustomizer@4b86805d, org.springframework.boot.test.autoconfigure.properties.PropertyMappingContextCustomizer@0, org.springframework.boot.test.autoconfigure.web.servlet.WebDriverContextCustomizerFactory$Customizer@72d6b3ba, org.springframework.boot.test.context.SpringBootTestArgs@1, org.springframework.boot.test.context.SpringBootTestWebEnvironment@909217e], resourceBasePath = 'src/main/webapp', contextLoader = 'org.springframework.boot.test.context.SpringBootContextLoader', parent = [null]], attributes = map['org.springframework.test.context.web.ServletTestExecutionListener.activateListener' -> true, 'org.springframework.test.context.web.ServletTestExecutionListener.populatedRequestContextHolder' -> true, 'org.springframework.test.context.web.ServletTestExecutionListener.resetRequestContextHolder' -> true]]
2022-07-30 13:52:17.229 [SpringContextShutdownHook] INFO  org.springframework.scheduling.concurrent.ThreadPoolTaskExecutor - Shutting down ExecutorService 'applicationTaskExecutor'
2022-07-30 13:52:17.249 [SpringContextShutdownHook] INFO  com.zaxxer.hikari.HikariDataSource - DatebookHikariCP - Shutdown initiated...
2022-07-30 13:52:17.972 [SpringContextShutdownHook] INFO  com.zaxxer.hikari.HikariDataSource - DatebookHikariCP - Shutdown completed.
2022-07-30 13:55:01.718 [main] INFO  org.springframework.boot.test.context.SpringBootTestContextBootstrapper - Neither @ContextConfiguration nor @ContextHierarchy found for test class [com.sika.code.demo.interfaces.business.node.service.TestNodeService], using SpringBootContextLoader
2022-07-30 13:55:01.744 [main] INFO  org.springframework.test.context.support.AbstractContextLoader - Could not detect default resource locations for test class [com.sika.code.demo.interfaces.business.node.service.TestNodeService]: no resource found for suffixes {-context.xml, Context.groovy}.
2022-07-30 13:55:02.167 [main] INFO  org.springframework.boot.test.context.SpringBootTestContextBootstrapper - Loaded default TestExecutionListener class names from location [META-INF/spring.factories]: [org.springframework.boot.test.mock.mockito.MockitoTestExecutionListener, org.springframework.boot.test.mock.mockito.ResetMocksTestExecutionListener, org.springframework.boot.test.autoconfigure.restdocs.RestDocsTestExecutionListener, org.springframework.boot.test.autoconfigure.web.client.MockRestServiceServerResetTestExecutionListener, org.springframework.boot.test.autoconfigure.web.servlet.MockMvcPrintOnlyOnFailureTestExecutionListener, org.springframework.boot.test.autoconfigure.web.servlet.WebDriverTestExecutionListener, org.springframework.boot.test.autoconfigure.webservices.client.MockWebServiceServerTestExecutionListener, org.springframework.test.context.web.ServletTestExecutionListener, org.springframework.test.context.support.DirtiesContextBeforeModesTestExecutionListener, org.springframework.test.context.support.DependencyInjectionTestExecutionListener, org.springframework.test.context.support.DirtiesContextTestExecutionListener, org.springframework.test.context.transaction.TransactionalTestExecutionListener, org.springframework.test.context.jdbc.SqlScriptsTestExecutionListener, org.springframework.test.context.event.EventPublishingTestExecutionListener]
2022-07-30 13:55:02.206 [main] INFO  org.springframework.boot.test.context.SpringBootTestContextBootstrapper - Using TestExecutionListeners: [org.springframework.test.context.web.ServletTestExecutionListener@1de5f259, org.springframework.test.context.support.DirtiesContextBeforeModesTestExecutionListener@729d991e, org.springframework.boot.test.mock.mockito.MockitoTestExecutionListener@31fa1761, org.springframework.boot.test.autoconfigure.SpringBootDependencyInjectionTestExecutionListener@957e06, org.springframework.test.context.support.DirtiesContextTestExecutionListener@32502377, org.springframework.test.context.transaction.TransactionalTestExecutionListener@2c1b194a, org.springframework.test.context.jdbc.SqlScriptsTestExecutionListener@4dbb42b7, org.springframework.test.context.event.EventPublishingTestExecutionListener@66f57048, org.springframework.boot.test.mock.mockito.ResetMocksTestExecutionListener@550dbc7a, org.springframework.boot.test.autoconfigure.restdocs.RestDocsTestExecutionListener@21282ed8, org.springframework.boot.test.autoconfigure.web.client.MockRestServiceServerResetTestExecutionListener@36916eb0, org.springframework.boot.test.autoconfigure.web.servlet.MockMvcPrintOnlyOnFailureTestExecutionListener@7bab3f1a, org.springframework.boot.test.autoconfigure.web.servlet.WebDriverTestExecutionListener@437da279, org.springframework.boot.test.autoconfigure.webservices.client.MockWebServiceServerTestExecutionListener@23c30a20]
2022-07-30 13:55:02.803 [main] INFO  com.sika.code.demo.interfaces.business.node.service.TestNodeService - Starting TestNodeService on daiqi with PID 14940 (started by Admin in E:\project\my\sika-code\sika-code-gitee\sika-code-demo\sika-code-demo-interfaces)
2022-07-30 13:55:02.804 [main] INFO  com.sika.code.demo.interfaces.business.node.service.TestNodeService - The following profiles are active: develop
2022-07-30 13:55:03.989 [main] INFO  org.springframework.data.repository.config.RepositoryConfigurationDelegate - Multiple Spring Data modules found, entering strict repository configuration mode!
2022-07-30 13:55:03.992 [main] INFO  org.springframework.data.repository.config.RepositoryConfigurationDelegate - Bootstrapping Spring Data Redis repositories in DEFAULT mode.
2022-07-30 13:55:04.040 [main] INFO  org.springframework.data.repository.config.RepositoryConfigurationDelegate - Finished Spring Data repository scanning in 31ms. Found 0 Redis repository interfaces.
2022-07-30 13:55:04.887 [main] INFO  org.springframework.context.support.PostProcessorRegistrationDelegate$BeanPostProcessorChecker - Bean 'com.yomahub.liteflow.springboot.config.LiteflowMainAutoConfiguration' of type [com.yomahub.liteflow.springboot.config.LiteflowMainAutoConfiguration$$EnhancerBySpringCGLIB$$6aa5570] is not eligible for getting processed by all BeanPostProcessors (for example: not eligible for auto-proxying)
2022-07-30 13:55:04.898 [main] INFO  org.springframework.context.support.PostProcessorRegistrationDelegate$BeanPostProcessorChecker - Bean 'com.yomahub.liteflow.springboot.config.LiteflowPropertyAutoConfiguration' of type [com.yomahub.liteflow.springboot.config.LiteflowPropertyAutoConfiguration$$EnhancerBySpringCGLIB$$66cb36d4] is not eligible for getting processed by all BeanPostProcessors (for example: not eligible for auto-proxying)
2022-07-30 13:55:04.923 [main] INFO  org.springframework.context.support.PostProcessorRegistrationDelegate$BeanPostProcessorChecker - Bean 'liteflow-com.yomahub.liteflow.springboot.LiteflowProperty' of type [com.yomahub.liteflow.springboot.LiteflowProperty] is not eligible for getting processed by all BeanPostProcessors (for example: not eligible for auto-proxying)
2022-07-30 13:55:04.929 [main] INFO  org.springframework.context.support.PostProcessorRegistrationDelegate$BeanPostProcessorChecker - Bean 'liteflow.monitor-com.yomahub.liteflow.springboot.LiteflowMonitorProperty' of type [com.yomahub.liteflow.springboot.LiteflowMonitorProperty] is not eligible for getting processed by all BeanPostProcessors (for example: not eligible for auto-proxying)
2022-07-30 13:55:04.943 [main] INFO  org.springframework.context.support.PostProcessorRegistrationDelegate$BeanPostProcessorChecker - Bean 'liteflowConfig' of type [com.yomahub.liteflow.property.LiteflowConfig] is not eligible for getting processed by all BeanPostProcessors (for example: not eligible for auto-proxying)
2022-07-30 13:55:08.233 [main] INFO  org.springframework.scheduling.concurrent.ThreadPoolTaskExecutor - Initializing ExecutorService 'applicationTaskExecutor'
2022-07-30 13:55:08.908 [main] INFO  com.zaxxer.hikari.HikariDataSource - DatebookHikariCP - Starting...
2022-07-30 13:55:10.999 [main] INFO  com.zaxxer.hikari.HikariDataSource - DatebookHikariCP - Start completed.
2022-07-30 13:55:11.054 [main] INFO  org.springframework.batch.core.repository.support.JobRepositoryFactoryBean - No database type set, using meta data indicating: MYSQL
2022-07-30 13:55:11.099 [main] INFO  org.springframework.batch.core.launch.support.SimpleJobLauncher - No TaskExecutor has been set, defaulting to synchronous executor.
2022-07-30 13:55:11.862 [main] WARN  org.springframework.boot.autoconfigure.freemarker.FreeMarkerAutoConfiguration - Cannot find template location(s): [classpath:/templates/] (please add some templates, check your FreeMarker configuration, or set spring.freemarker.checkTemplateLocation=false)
2022-07-30 13:55:12.050 [main] INFO  com.sika.code.demo.interfaces.business.node.service.TestNodeService - Started TestNodeService in 9.727 seconds (JVM running for 11.779)
2022-07-30 13:55:12.094 [main] INFO  org.springframework.test.context.transaction.TransactionContext - Began transaction (1) for test context [DefaultTestContext@70139a81 testClass = TestNodeService, testInstance = BaseTest(log=Logger[com.sika.code.demo.interfaces.business.node.service.TestNodeService], stopWatch=StopWatch 'TestNodeService-单元测试': running time = 0 ns, testName=org.junit.rules.TestName@7d3c22a5), testMethod = testFindByPrimaryKey@TestNodeService, testException = [null], mergedContextConfiguration = [WebMergedContextConfiguration@12aa381f testClass = TestNodeService, locations = '{}', classes = '{class com.sika.code.demo.interfaces.SikaCodeDemoApplication}', contextInitializerClasses = '[]', activeProfiles = '{}', propertySourceLocations = '{}', propertySourceProperties = '{org.springframework.boot.test.context.SpringBootTestContextBootstrapper=true}', contextCustomizers = set[org.springframework.boot.test.context.filter.ExcludeFilterContextCustomizer@64cd705f, org.springframework.boot.test.json.DuplicateJsonObjectContextCustomizerFactory$DuplicateJsonObjectContextCustomizer@6a400542, org.springframework.boot.test.mock.mockito.MockitoContextCustomizer@0, org.springframework.boot.test.web.client.TestRestTemplateContextCustomizer@72f926e6, org.springframework.boot.test.autoconfigure.properties.PropertyMappingContextCustomizer@0, org.springframework.boot.test.autoconfigure.web.servlet.WebDriverContextCustomizerFactory$Customizer@7714e963, org.springframework.boot.test.context.SpringBootTestArgs@1, org.springframework.boot.test.context.SpringBootTestWebEnvironment@7a52f2a2], resourceBasePath = 'src/main/webapp', contextLoader = 'org.springframework.boot.test.context.SpringBootContextLoader', parent = [null]], attributes = map['org.springframework.test.context.web.ServletTestExecutionListener.activateListener' -> true, 'org.springframework.test.context.web.ServletTestExecutionListener.populatedRequestContextHolder' -> true, 'org.springframework.test.context.web.ServletTestExecutionListener.resetRequestContextHolder' -> true]]; transaction manager [org.springframework.batch.support.transaction.ResourcelessTransactionManager@6e981e78]; rollback [true]
2022-07-30 13:55:12.338 [main] INFO  com.sika.code.demo.interfaces.business.node.service.TestNodeService - 方法[testFindByPrimaryKey]开始执行单元测试
2022-07-30 13:55:12.613 [main] INFO  策略分库分表拦截器【ShardingInterceptor】 - 进入分库分表拦截器：====================
2022-07-30 13:55:12.618 [main] INFO  com.sika.code.db.sharding.executor.ShardingExecutor - 分表前的SQL：SELECT id,create_by,update_by,node_no,node_name,node_clazz,node_type,node_script,tenant_id,application_id,create_date,update_date,version,available,is_deleted,remark FROM lf_node WHERE id=? 
2022-07-30 13:55:12.618 [main] INFO  策略分库分表拦截器【ShardingInterceptor】 - 完成分库分表拦截器：====================
2022-07-30 13:55:12.746 [main] INFO  org.springframework.test.context.transaction.TransactionContext - Rolled back transaction for test: [DefaultTestContext@70139a81 testClass = TestNodeService, testInstance = BaseTest(log=Logger[com.sika.code.demo.interfaces.business.node.service.TestNodeService], stopWatch=StopWatch 'TestNodeService-单元测试': running time = 401518900 ns; [] took 401518900 ns = 100%, testName=org.junit.rules.TestName@7d3c22a5), testMethod = testFindByPrimaryKey@TestNodeService, testException = org.junit.internal.runners.model.MultipleFailureException: There were 2 errors:
  java.lang.AssertionError(null)
  java.lang.NoSuchMethodError(cn.hutool.core.date.StopWatch.prettyPrint(Ljava/util/concurrent/TimeUnit;)Ljava/lang/String;), mergedContextConfiguration = [WebMergedContextConfiguration@12aa381f testClass = TestNodeService, locations = '{}', classes = '{class com.sika.code.demo.interfaces.SikaCodeDemoApplication}', contextInitializerClasses = '[]', activeProfiles = '{}', propertySourceLocations = '{}', propertySourceProperties = '{org.springframework.boot.test.context.SpringBootTestContextBootstrapper=true}', contextCustomizers = set[org.springframework.boot.test.context.filter.ExcludeFilterContextCustomizer@64cd705f, org.springframework.boot.test.json.DuplicateJsonObjectContextCustomizerFactory$DuplicateJsonObjectContextCustomizer@6a400542, org.springframework.boot.test.mock.mockito.MockitoContextCustomizer@0, org.springframework.boot.test.web.client.TestRestTemplateContextCustomizer@72f926e6, org.springframework.boot.test.autoconfigure.properties.PropertyMappingContextCustomizer@0, org.springframework.boot.test.autoconfigure.web.servlet.WebDriverContextCustomizerFactory$Customizer@7714e963, org.springframework.boot.test.context.SpringBootTestArgs@1, org.springframework.boot.test.context.SpringBootTestWebEnvironment@7a52f2a2], resourceBasePath = 'src/main/webapp', contextLoader = 'org.springframework.boot.test.context.SpringBootContextLoader', parent = [null]], attributes = map['org.springframework.test.context.web.ServletTestExecutionListener.activateListener' -> true, 'org.springframework.test.context.web.ServletTestExecutionListener.populatedRequestContextHolder' -> true, 'org.springframework.test.context.web.ServletTestExecutionListener.resetRequestContextHolder' -> true]]
2022-07-30 13:55:12.759 [SpringContextShutdownHook] INFO  org.springframework.scheduling.concurrent.ThreadPoolTaskExecutor - Shutting down ExecutorService 'applicationTaskExecutor'
2022-07-30 13:55:12.778 [SpringContextShutdownHook] INFO  com.zaxxer.hikari.HikariDataSource - DatebookHikariCP - Shutdown initiated...
2022-07-30 13:55:13.002 [SpringContextShutdownHook] INFO  com.zaxxer.hikari.HikariDataSource - DatebookHikariCP - Shutdown completed.
2022-07-30 13:56:22.276 [main] INFO  org.springframework.boot.test.context.SpringBootTestContextBootstrapper - Neither @ContextConfiguration nor @ContextHierarchy found for test class [com.sika.code.demo.interfaces.business.node.service.TestNodeService], using SpringBootContextLoader
2022-07-30 13:56:22.306 [main] INFO  org.springframework.test.context.support.AbstractContextLoader - Could not detect default resource locations for test class [com.sika.code.demo.interfaces.business.node.service.TestNodeService]: no resource found for suffixes {-context.xml, Context.groovy}.
2022-07-30 13:56:22.722 [main] INFO  org.springframework.boot.test.context.SpringBootTestContextBootstrapper - Loaded default TestExecutionListener class names from location [META-INF/spring.factories]: [org.springframework.boot.test.mock.mockito.MockitoTestExecutionListener, org.springframework.boot.test.mock.mockito.ResetMocksTestExecutionListener, org.springframework.boot.test.autoconfigure.restdocs.RestDocsTestExecutionListener, org.springframework.boot.test.autoconfigure.web.client.MockRestServiceServerResetTestExecutionListener, org.springframework.boot.test.autoconfigure.web.servlet.MockMvcPrintOnlyOnFailureTestExecutionListener, org.springframework.boot.test.autoconfigure.web.servlet.WebDriverTestExecutionListener, org.springframework.boot.test.autoconfigure.webservices.client.MockWebServiceServerTestExecutionListener, org.springframework.test.context.web.ServletTestExecutionListener, org.springframework.test.context.support.DirtiesContextBeforeModesTestExecutionListener, org.springframework.test.context.support.DependencyInjectionTestExecutionListener, org.springframework.test.context.support.DirtiesContextTestExecutionListener, org.springframework.test.context.transaction.TransactionalTestExecutionListener, org.springframework.test.context.jdbc.SqlScriptsTestExecutionListener, org.springframework.test.context.event.EventPublishingTestExecutionListener]
2022-07-30 13:56:22.748 [main] INFO  org.springframework.boot.test.context.SpringBootTestContextBootstrapper - Using TestExecutionListeners: [org.springframework.test.context.web.ServletTestExecutionListener@1de5f259, org.springframework.test.context.support.DirtiesContextBeforeModesTestExecutionListener@729d991e, org.springframework.boot.test.mock.mockito.MockitoTestExecutionListener@31fa1761, org.springframework.boot.test.autoconfigure.SpringBootDependencyInjectionTestExecutionListener@957e06, org.springframework.test.context.support.DirtiesContextTestExecutionListener@32502377, org.springframework.test.context.transaction.TransactionalTestExecutionListener@2c1b194a, org.springframework.test.context.jdbc.SqlScriptsTestExecutionListener@4dbb42b7, org.springframework.test.context.event.EventPublishingTestExecutionListener@66f57048, org.springframework.boot.test.mock.mockito.ResetMocksTestExecutionListener@550dbc7a, org.springframework.boot.test.autoconfigure.restdocs.RestDocsTestExecutionListener@21282ed8, org.springframework.boot.test.autoconfigure.web.client.MockRestServiceServerResetTestExecutionListener@36916eb0, org.springframework.boot.test.autoconfigure.web.servlet.MockMvcPrintOnlyOnFailureTestExecutionListener@7bab3f1a, org.springframework.boot.test.autoconfigure.web.servlet.WebDriverTestExecutionListener@437da279, org.springframework.boot.test.autoconfigure.webservices.client.MockWebServiceServerTestExecutionListener@23c30a20]
2022-07-30 13:56:23.304 [main] INFO  com.sika.code.demo.interfaces.business.node.service.TestNodeService - Starting TestNodeService on daiqi with PID 10128 (started by Admin in E:\project\my\sika-code\sika-code-gitee\sika-code-demo\sika-code-demo-interfaces)
2022-07-30 13:56:23.304 [main] INFO  com.sika.code.demo.interfaces.business.node.service.TestNodeService - The following profiles are active: develop
2022-07-30 13:56:24.497 [main] INFO  org.springframework.data.repository.config.RepositoryConfigurationDelegate - Multiple Spring Data modules found, entering strict repository configuration mode!
2022-07-30 13:56:24.501 [main] INFO  org.springframework.data.repository.config.RepositoryConfigurationDelegate - Bootstrapping Spring Data Redis repositories in DEFAULT mode.
2022-07-30 13:56:24.549 [main] INFO  org.springframework.data.repository.config.RepositoryConfigurationDelegate - Finished Spring Data repository scanning in 31ms. Found 0 Redis repository interfaces.
2022-07-30 13:56:25.467 [main] INFO  org.springframework.context.support.PostProcessorRegistrationDelegate$BeanPostProcessorChecker - Bean 'com.yomahub.liteflow.springboot.config.LiteflowMainAutoConfiguration' of type [com.yomahub.liteflow.springboot.config.LiteflowMainAutoConfiguration$$EnhancerBySpringCGLIB$$6aa5570] is not eligible for getting processed by all BeanPostProcessors (for example: not eligible for auto-proxying)
2022-07-30 13:56:25.478 [main] INFO  org.springframework.context.support.PostProcessorRegistrationDelegate$BeanPostProcessorChecker - Bean 'com.yomahub.liteflow.springboot.config.LiteflowPropertyAutoConfiguration' of type [com.yomahub.liteflow.springboot.config.LiteflowPropertyAutoConfiguration$$EnhancerBySpringCGLIB$$66cb36d4] is not eligible for getting processed by all BeanPostProcessors (for example: not eligible for auto-proxying)
2022-07-30 13:56:25.504 [main] INFO  org.springframework.context.support.PostProcessorRegistrationDelegate$BeanPostProcessorChecker - Bean 'liteflow-com.yomahub.liteflow.springboot.LiteflowProperty' of type [com.yomahub.liteflow.springboot.LiteflowProperty] is not eligible for getting processed by all BeanPostProcessors (for example: not eligible for auto-proxying)
2022-07-30 13:56:25.512 [main] INFO  org.springframework.context.support.PostProcessorRegistrationDelegate$BeanPostProcessorChecker - Bean 'liteflow.monitor-com.yomahub.liteflow.springboot.LiteflowMonitorProperty' of type [com.yomahub.liteflow.springboot.LiteflowMonitorProperty] is not eligible for getting processed by all BeanPostProcessors (for example: not eligible for auto-proxying)
2022-07-30 13:56:25.527 [main] INFO  org.springframework.context.support.PostProcessorRegistrationDelegate$BeanPostProcessorChecker - Bean 'liteflowConfig' of type [com.yomahub.liteflow.property.LiteflowConfig] is not eligible for getting processed by all BeanPostProcessors (for example: not eligible for auto-proxying)
2022-07-30 13:56:28.946 [main] INFO  org.springframework.scheduling.concurrent.ThreadPoolTaskExecutor - Initializing ExecutorService 'applicationTaskExecutor'
2022-07-30 13:56:29.654 [main] INFO  com.zaxxer.hikari.HikariDataSource - DatebookHikariCP - Starting...
2022-07-30 13:56:31.444 [main] INFO  com.zaxxer.hikari.HikariDataSource - DatebookHikariCP - Start completed.
2022-07-30 13:56:31.489 [main] INFO  org.springframework.batch.core.repository.support.JobRepositoryFactoryBean - No database type set, using meta data indicating: MYSQL
2022-07-30 13:56:31.512 [main] INFO  org.springframework.batch.core.launch.support.SimpleJobLauncher - No TaskExecutor has been set, defaulting to synchronous executor.
2022-07-30 13:56:32.006 [main] WARN  org.springframework.boot.autoconfigure.freemarker.FreeMarkerAutoConfiguration - Cannot find template location(s): [classpath:/templates/] (please add some templates, check your FreeMarker configuration, or set spring.freemarker.checkTemplateLocation=false)
2022-07-30 13:56:32.141 [main] INFO  com.sika.code.demo.interfaces.business.node.service.TestNodeService - Started TestNodeService in 9.314 seconds (JVM running for 11.503)
2022-07-30 13:56:32.184 [main] INFO  org.springframework.test.context.transaction.TransactionContext - Began transaction (1) for test context [DefaultTestContext@70139a81 testClass = TestNodeService, testInstance = BaseTest(log=Logger[com.sika.code.demo.interfaces.business.node.service.TestNodeService], stopWatch=StopWatch 'TestNodeService-单元测试': running time = 0 ns, testName=org.junit.rules.TestName@7d3c22a5), testMethod = testFindByPrimaryKey@TestNodeService, testException = [null], mergedContextConfiguration = [WebMergedContextConfiguration@12aa381f testClass = TestNodeService, locations = '{}', classes = '{class com.sika.code.demo.interfaces.SikaCodeDemoApplication}', contextInitializerClasses = '[]', activeProfiles = '{}', propertySourceLocations = '{}', propertySourceProperties = '{org.springframework.boot.test.context.SpringBootTestContextBootstrapper=true}', contextCustomizers = set[org.springframework.boot.test.context.filter.ExcludeFilterContextCustomizer@64cd705f, org.springframework.boot.test.json.DuplicateJsonObjectContextCustomizerFactory$DuplicateJsonObjectContextCustomizer@6a400542, org.springframework.boot.test.mock.mockito.MockitoContextCustomizer@0, org.springframework.boot.test.web.client.TestRestTemplateContextCustomizer@72f926e6, org.springframework.boot.test.autoconfigure.properties.PropertyMappingContextCustomizer@0, org.springframework.boot.test.autoconfigure.web.servlet.WebDriverContextCustomizerFactory$Customizer@7714e963, org.springframework.boot.test.context.SpringBootTestArgs@1, org.springframework.boot.test.context.SpringBootTestWebEnvironment@7a52f2a2], resourceBasePath = 'src/main/webapp', contextLoader = 'org.springframework.boot.test.context.SpringBootContextLoader', parent = [null]], attributes = map['org.springframework.test.context.web.ServletTestExecutionListener.activateListener' -> true, 'org.springframework.test.context.web.ServletTestExecutionListener.populatedRequestContextHolder' -> true, 'org.springframework.test.context.web.ServletTestExecutionListener.resetRequestContextHolder' -> true]]; transaction manager [org.springframework.batch.support.transaction.ResourcelessTransactionManager@6e981e78]; rollback [true]
2022-07-30 13:56:32.516 [main] INFO  com.sika.code.demo.interfaces.business.node.service.TestNodeService - 方法[testFindByPrimaryKey]开始执行单元测试
2022-07-30 13:56:32.800 [main] INFO  策略分库分表拦截器【ShardingInterceptor】 - 进入分库分表拦截器：====================
2022-07-30 13:56:32.806 [main] INFO  com.sika.code.db.sharding.executor.ShardingExecutor - 分表前的SQL：SELECT id,create_by,update_by,node_no,node_name,node_clazz,node_type,node_script,tenant_id,application_id,create_date,update_date,version,available,is_deleted,remark FROM lf_node WHERE id=? 
2022-07-30 13:56:32.806 [main] INFO  策略分库分表拦截器【ShardingInterceptor】 - 完成分库分表拦截器：====================
2022-07-30 13:56:33.133 [main] INFO  org.springframework.test.context.transaction.TransactionContext - Rolled back transaction for test: [DefaultTestContext@70139a81 testClass = TestNodeService, testInstance = BaseTest(log=Logger[com.sika.code.demo.interfaces.business.node.service.TestNodeService], stopWatch=StopWatch 'TestNodeService-单元测试': running time = 592306500 ns; [] took 592306500 ns = 100%, testName=org.junit.rules.TestName@7d3c22a5), testMethod = testFindByPrimaryKey@TestNodeService, testException = java.lang.NoSuchMethodError: cn.hutool.core.date.StopWatch.prettyPrint(Ljava/util/concurrent/TimeUnit;)Ljava/lang/String;, mergedContextConfiguration = [WebMergedContextConfiguration@12aa381f testClass = TestNodeService, locations = '{}', classes = '{class com.sika.code.demo.interfaces.SikaCodeDemoApplication}', contextInitializerClasses = '[]', activeProfiles = '{}', propertySourceLocations = '{}', propertySourceProperties = '{org.springframework.boot.test.context.SpringBootTestContextBootstrapper=true}', contextCustomizers = set[org.springframework.boot.test.context.filter.ExcludeFilterContextCustomizer@64cd705f, org.springframework.boot.test.json.DuplicateJsonObjectContextCustomizerFactory$DuplicateJsonObjectContextCustomizer@6a400542, org.springframework.boot.test.mock.mockito.MockitoContextCustomizer@0, org.springframework.boot.test.web.client.TestRestTemplateContextCustomizer@72f926e6, org.springframework.boot.test.autoconfigure.properties.PropertyMappingContextCustomizer@0, org.springframework.boot.test.autoconfigure.web.servlet.WebDriverContextCustomizerFactory$Customizer@7714e963, org.springframework.boot.test.context.SpringBootTestArgs@1, org.springframework.boot.test.context.SpringBootTestWebEnvironment@7a52f2a2], resourceBasePath = 'src/main/webapp', contextLoader = 'org.springframework.boot.test.context.SpringBootContextLoader', parent = [null]], attributes = map['org.springframework.test.context.web.ServletTestExecutionListener.activateListener' -> true, 'org.springframework.test.context.web.ServletTestExecutionListener.populatedRequestContextHolder' -> true, 'org.springframework.test.context.web.ServletTestExecutionListener.resetRequestContextHolder' -> true]]
2022-07-30 13:56:33.188 [SpringContextShutdownHook] INFO  org.springframework.scheduling.concurrent.ThreadPoolTaskExecutor - Shutting down ExecutorService 'applicationTaskExecutor'
2022-07-30 13:56:33.317 [SpringContextShutdownHook] INFO  com.zaxxer.hikari.HikariDataSource - DatebookHikariCP - Shutdown initiated...
2022-07-30 13:56:33.362 [SpringContextShutdownHook] INFO  com.zaxxer.hikari.HikariDataSource - DatebookHikariCP - Shutdown completed.
2022-07-30 14:05:55.328 [main] INFO  org.springframework.boot.test.context.SpringBootTestContextBootstrapper - Neither @ContextConfiguration nor @ContextHierarchy found for test class [com.sika.code.demo.interfaces.business.node.service.TestNodeService], using SpringBootContextLoader
2022-07-30 14:05:55.356 [main] INFO  org.springframework.test.context.support.AbstractContextLoader - Could not detect default resource locations for test class [com.sika.code.demo.interfaces.business.node.service.TestNodeService]: no resource found for suffixes {-context.xml, Context.groovy}.
2022-07-30 14:05:55.651 [main] INFO  org.springframework.boot.test.context.SpringBootTestContextBootstrapper - Loaded default TestExecutionListener class names from location [META-INF/spring.factories]: [org.springframework.boot.test.mock.mockito.MockitoTestExecutionListener, org.springframework.boot.test.mock.mockito.ResetMocksTestExecutionListener, org.springframework.boot.test.autoconfigure.restdocs.RestDocsTestExecutionListener, org.springframework.boot.test.autoconfigure.web.client.MockRestServiceServerResetTestExecutionListener, org.springframework.boot.test.autoconfigure.web.servlet.MockMvcPrintOnlyOnFailureTestExecutionListener, org.springframework.boot.test.autoconfigure.web.servlet.WebDriverTestExecutionListener, org.springframework.boot.test.autoconfigure.webservices.client.MockWebServiceServerTestExecutionListener, org.springframework.test.context.web.ServletTestExecutionListener, org.springframework.test.context.support.DirtiesContextBeforeModesTestExecutionListener, org.springframework.test.context.support.DependencyInjectionTestExecutionListener, org.springframework.test.context.support.DirtiesContextTestExecutionListener, org.springframework.test.context.transaction.TransactionalTestExecutionListener, org.springframework.test.context.jdbc.SqlScriptsTestExecutionListener, org.springframework.test.context.event.EventPublishingTestExecutionListener]
2022-07-30 14:05:55.679 [main] INFO  org.springframework.boot.test.context.SpringBootTestContextBootstrapper - Using TestExecutionListeners: [org.springframework.test.context.web.ServletTestExecutionListener@1de5f259, org.springframework.test.context.support.DirtiesContextBeforeModesTestExecutionListener@729d991e, org.springframework.boot.test.mock.mockito.MockitoTestExecutionListener@31fa1761, org.springframework.boot.test.autoconfigure.SpringBootDependencyInjectionTestExecutionListener@957e06, org.springframework.test.context.support.DirtiesContextTestExecutionListener@32502377, org.springframework.test.context.transaction.TransactionalTestExecutionListener@2c1b194a, org.springframework.test.context.jdbc.SqlScriptsTestExecutionListener@4dbb42b7, org.springframework.test.context.event.EventPublishingTestExecutionListener@66f57048, org.springframework.boot.test.mock.mockito.ResetMocksTestExecutionListener@550dbc7a, org.springframework.boot.test.autoconfigure.restdocs.RestDocsTestExecutionListener@21282ed8, org.springframework.boot.test.autoconfigure.web.client.MockRestServiceServerResetTestExecutionListener@36916eb0, org.springframework.boot.test.autoconfigure.web.servlet.MockMvcPrintOnlyOnFailureTestExecutionListener@7bab3f1a, org.springframework.boot.test.autoconfigure.web.servlet.WebDriverTestExecutionListener@437da279, org.springframework.boot.test.autoconfigure.webservices.client.MockWebServiceServerTestExecutionListener@23c30a20]
2022-07-30 14:05:56.249 [main] INFO  com.sika.code.demo.interfaces.business.node.service.TestNodeService - Starting TestNodeService on daiqi with PID 9776 (started by Admin in E:\project\my\sika-code\sika-code-gitee\sika-code-demo\sika-code-demo-interfaces)
2022-07-30 14:05:56.249 [main] INFO  com.sika.code.demo.interfaces.business.node.service.TestNodeService - The following profiles are active: develop
2022-07-30 14:05:57.469 [main] INFO  org.springframework.data.repository.config.RepositoryConfigurationDelegate - Multiple Spring Data modules found, entering strict repository configuration mode!
2022-07-30 14:05:57.473 [main] INFO  org.springframework.data.repository.config.RepositoryConfigurationDelegate - Bootstrapping Spring Data Redis repositories in DEFAULT mode.
2022-07-30 14:05:57.521 [main] INFO  org.springframework.data.repository.config.RepositoryConfigurationDelegate - Finished Spring Data repository scanning in 31ms. Found 0 Redis repository interfaces.
2022-07-30 14:05:58.410 [main] INFO  org.springframework.context.support.PostProcessorRegistrationDelegate$BeanPostProcessorChecker - Bean 'com.yomahub.liteflow.springboot.config.LiteflowMainAutoConfiguration' of type [com.yomahub.liteflow.springboot.config.LiteflowMainAutoConfiguration$$EnhancerBySpringCGLIB$$3dd69228] is not eligible for getting processed by all BeanPostProcessors (for example: not eligible for auto-proxying)
2022-07-30 14:05:58.421 [main] INFO  org.springframework.context.support.PostProcessorRegistrationDelegate$BeanPostProcessorChecker - Bean 'com.yomahub.liteflow.springboot.config.LiteflowPropertyAutoConfiguration' of type [com.yomahub.liteflow.springboot.config.LiteflowPropertyAutoConfiguration$$EnhancerBySpringCGLIB$$9df7738c] is not eligible for getting processed by all BeanPostProcessors (for example: not eligible for auto-proxying)
2022-07-30 14:05:58.446 [main] INFO  org.springframework.context.support.PostProcessorRegistrationDelegate$BeanPostProcessorChecker - Bean 'liteflow-com.yomahub.liteflow.springboot.LiteflowProperty' of type [com.yomahub.liteflow.springboot.LiteflowProperty] is not eligible for getting processed by all BeanPostProcessors (for example: not eligible for auto-proxying)
2022-07-30 14:05:58.452 [main] INFO  org.springframework.context.support.PostProcessorRegistrationDelegate$BeanPostProcessorChecker - Bean 'liteflow.monitor-com.yomahub.liteflow.springboot.LiteflowMonitorProperty' of type [com.yomahub.liteflow.springboot.LiteflowMonitorProperty] is not eligible for getting processed by all BeanPostProcessors (for example: not eligible for auto-proxying)
2022-07-30 14:05:58.468 [main] INFO  org.springframework.context.support.PostProcessorRegistrationDelegate$BeanPostProcessorChecker - Bean 'liteflowConfig' of type [com.yomahub.liteflow.property.LiteflowConfig] is not eligible for getting processed by all BeanPostProcessors (for example: not eligible for auto-proxying)
2022-07-30 14:06:01.748 [main] INFO  org.springframework.scheduling.concurrent.ThreadPoolTaskExecutor - Initializing ExecutorService 'applicationTaskExecutor'
2022-07-30 14:06:02.409 [main] INFO  com.zaxxer.hikari.HikariDataSource - DatebookHikariCP - Starting...
2022-07-30 14:06:04.376 [main] INFO  com.zaxxer.hikari.HikariDataSource - DatebookHikariCP - Start completed.
2022-07-30 14:06:04.421 [main] INFO  org.springframework.batch.core.repository.support.JobRepositoryFactoryBean - No database type set, using meta data indicating: MYSQL
2022-07-30 14:06:04.440 [main] INFO  org.springframework.batch.core.launch.support.SimpleJobLauncher - No TaskExecutor has been set, defaulting to synchronous executor.
2022-07-30 14:06:04.848 [main] WARN  org.springframework.boot.autoconfigure.freemarker.FreeMarkerAutoConfiguration - Cannot find template location(s): [classpath:/templates/] (please add some templates, check your FreeMarker configuration, or set spring.freemarker.checkTemplateLocation=false)
2022-07-30 14:06:04.981 [main] INFO  com.sika.code.demo.interfaces.business.node.service.TestNodeService - Started TestNodeService in 9.221 seconds (JVM running for 10.968)
2022-07-30 14:06:05.032 [main] INFO  org.springframework.test.context.transaction.TransactionContext - Began transaction (1) for test context [DefaultTestContext@3c6bd624 testClass = TestNodeService, testInstance = BaseTest(log=Logger[com.sika.code.demo.interfaces.business.node.service.TestNodeService], stopWatch=StopWatch 'TestNodeService-单元测试': running time = 0 ns, testName=org.junit.rules.TestName@6ba0ee4a), testMethod = testFindByPrimaryKey@TestNodeService, testException = [null], mergedContextConfiguration = [WebMergedContextConfiguration@5cbe95b1 testClass = TestNodeService, locations = '{}', classes = '{class com.sika.code.demo.interfaces.SikaCodeDemoApplication}', contextInitializerClasses = '[]', activeProfiles = '{}', propertySourceLocations = '{}', propertySourceProperties = '{org.springframework.boot.test.context.SpringBootTestContextBootstrapper=true}', contextCustomizers = set[org.springframework.boot.test.context.filter.ExcludeFilterContextCustomizer@64cd705f, org.springframework.boot.test.json.DuplicateJsonObjectContextCustomizerFactory$DuplicateJsonObjectContextCustomizer@6a400542, org.springframework.boot.test.mock.mockito.MockitoContextCustomizer@0, org.springframework.boot.test.web.client.TestRestTemplateContextCustomizer@72f926e6, org.springframework.boot.test.autoconfigure.properties.PropertyMappingContextCustomizer@0, org.springframework.boot.test.autoconfigure.web.servlet.WebDriverContextCustomizerFactory$Customizer@7714e963, org.springframework.boot.test.context.SpringBootTestArgs@1, org.springframework.boot.test.context.SpringBootTestWebEnvironment@7a52f2a2], resourceBasePath = 'src/main/webapp', contextLoader = 'org.springframework.boot.test.context.SpringBootContextLoader', parent = [null]], attributes = map['org.springframework.test.context.web.ServletTestExecutionListener.activateListener' -> true, 'org.springframework.test.context.web.ServletTestExecutionListener.populatedRequestContextHolder' -> true, 'org.springframework.test.context.web.ServletTestExecutionListener.resetRequestContextHolder' -> true]]; transaction manager [org.springframework.batch.support.transaction.ResourcelessTransactionManager@1bec1589]; rollback [true]
2022-07-30 14:06:05.303 [main] INFO  com.sika.code.demo.interfaces.business.node.service.TestNodeService - 方法[testFindByPrimaryKey]开始执行单元测试
2022-07-30 14:06:05.550 [main] INFO  策略分库分表拦截器【ShardingInterceptor】 - 进入分库分表拦截器：====================
2022-07-30 14:06:05.555 [main] INFO  com.sika.code.db.sharding.executor.ShardingExecutor - 分表前的SQL：SELECT id,create_by,update_by,node_no,node_name,node_clazz,node_type,node_script,tenant_id,application_id,create_date,update_date,version,available,is_deleted,remark FROM lf_node WHERE id=? 
2022-07-30 14:06:05.555 [main] INFO  策略分库分表拦截器【ShardingInterceptor】 - 完成分库分表拦截器：====================
2022-07-30 14:06:05.990 [main] INFO  com.sika.code.demo.interfaces.business.node.service.TestNodeService - 方法[testFindByPrimaryKey]结束执行单元测试，执行统计详情
StopWatch 'TestNodeService-单元测试': running time = 682 ms
---------------------------------------------
ms         %     Task name
---------------------------------------------
000000682  100%   

2022-07-30 14:06:05.997 [main] INFO  org.springframework.test.context.transaction.TransactionContext - Rolled back transaction for test: [DefaultTestContext@3c6bd624 testClass = TestNodeService, testInstance = BaseTest(log=Logger[com.sika.code.demo.interfaces.business.node.service.TestNodeService], stopWatch=StopWatch 'TestNodeService-单元测试': running time = 682820900 ns; [] took 682820900 ns = 100%, testName=org.junit.rules.TestName@6ba0ee4a), testMethod = testFindByPrimaryKey@TestNodeService, testException = [null], mergedContextConfiguration = [WebMergedContextConfiguration@5cbe95b1 testClass = TestNodeService, locations = '{}', classes = '{class com.sika.code.demo.interfaces.SikaCodeDemoApplication}', contextInitializerClasses = '[]', activeProfiles = '{}', propertySourceLocations = '{}', propertySourceProperties = '{org.springframework.boot.test.context.SpringBootTestContextBootstrapper=true}', contextCustomizers = set[org.springframework.boot.test.context.filter.ExcludeFilterContextCustomizer@64cd705f, org.springframework.boot.test.json.DuplicateJsonObjectContextCustomizerFactory$DuplicateJsonObjectContextCustomizer@6a400542, org.springframework.boot.test.mock.mockito.MockitoContextCustomizer@0, org.springframework.boot.test.web.client.TestRestTemplateContextCustomizer@72f926e6, org.springframework.boot.test.autoconfigure.properties.PropertyMappingContextCustomizer@0, org.springframework.boot.test.autoconfigure.web.servlet.WebDriverContextCustomizerFactory$Customizer@7714e963, org.springframework.boot.test.context.SpringBootTestArgs@1, org.springframework.boot.test.context.SpringBootTestWebEnvironment@7a52f2a2], resourceBasePath = 'src/main/webapp', contextLoader = 'org.springframework.boot.test.context.SpringBootContextLoader', parent = [null]], attributes = map['org.springframework.test.context.web.ServletTestExecutionListener.activateListener' -> true, 'org.springframework.test.context.web.ServletTestExecutionListener.populatedRequestContextHolder' -> true, 'org.springframework.test.context.web.ServletTestExecutionListener.resetRequestContextHolder' -> true]]
2022-07-30 14:06:06.005 [SpringContextShutdownHook] INFO  org.springframework.scheduling.concurrent.ThreadPoolTaskExecutor - Shutting down ExecutorService 'applicationTaskExecutor'
2022-07-30 14:06:06.022 [SpringContextShutdownHook] INFO  com.zaxxer.hikari.HikariDataSource - DatebookHikariCP - Shutdown initiated...
2022-07-30 14:06:06.448 [SpringContextShutdownHook] INFO  com.zaxxer.hikari.HikariDataSource - DatebookHikariCP - Shutdown completed.
